TN:
SF:src/SanctionsToken.sol
FN:19,SanctionsToken.mint
FNDA:2,SanctionsToken.mint
DA:20,2
BRDA:20,0,0,1
BRDA:20,0,1,1
DA:21,1
FN:24,SanctionsToken.addToBlacklist
FNDA:8,SanctionsToken.addToBlacklist
DA:25,8
BRDA:25,1,0,1
BRDA:25,1,1,7
DA:26,7
FN:29,SanctionsToken.removeFromBlacklist
FNDA:2,SanctionsToken.removeFromBlacklist
DA:30,2
BRDA:30,2,0,1
BRDA:30,2,1,1
DA:31,1
FN:34,SanctionsToken.transfer
FNDA:3,SanctionsToken.transfer
DA:35,3
BRDA:35,3,0,1
BRDA:35,3,1,2
DA:36,2
BRDA:36,4,0,1
BRDA:36,4,1,1
DA:37,1
DA:38,1
DA:39,1
FN:42,SanctionsToken.transferFrom
FNDA:3,SanctionsToken.transferFrom
DA:43,3
BRDA:43,5,0,1
BRDA:43,5,1,2
DA:44,2
BRDA:44,6,0,1
BRDA:44,6,1,1
DA:45,1
DA:46,1
DA:47,1
DA:48,1
FNF:5
FNH:5
LF:17
LH:17
BRF:14
BRH:14
end_of_record
